<?xml version="1.0" encoding="UTF-8"?>
<robot generator="Robot 7.4.1 (Python 3.12.6 on win32)" generated="2025-12-24T16:53:13.796169" rpa="false" schemaversion="5">
<suite id="s1" name="Test" source="D:\663380210-2\TestAutomationLab\StarterFiles\Test.robot">
<test id="s1-t1" name="Open Workshop Registration Page" line="10">
<kw name="Open Browser" owner="SeleniumLibrary">
<msg time="2025-12-24T16:53:14.044141" level="INFO">Opening browser 'Chrome' to base url 'http://localhost:7272/Lab4/Registration.html'.</msg>
<arg>${URL}</arg>
<arg>Chrome</arg>
<doc>Opens a new browser instance to the optional ``url``.</doc>
<status status="PASS" start="2025-12-24T16:53:14.044141" elapsed="2.419303"/>
</kw>
<kw name="Title Should Be" owner="SeleniumLibrary">
<msg time="2025-12-24T16:53:16.602321" level="INFO" html="true">&lt;/td&gt;&lt;/tr&gt;&lt;tr&gt;&lt;td colspan="3"&gt;&lt;a href="selenium-screenshot-1.png"&gt;&lt;img src="selenium-screenshot-1.png" width="800px"&gt;&lt;/a&gt;</msg>
<msg time="2025-12-24T16:53:16.602321" level="FAIL">Title should have been 'Workshop Registration' but was 'Registration'.</msg>
<arg>Workshop Registration</arg>
<doc>Verifies that the current page title equals ``title``.</doc>
<status status="FAIL" start="2025-12-24T16:53:16.463444" elapsed="0.148656">Title should have been 'Workshop Registration' but was 'Registration'.</status>
</kw>
<status status="FAIL" start="2025-12-24T16:53:14.043141" elapsed="2.569991">Title should have been 'Workshop Registration' but was 'Registration'.</status>
</test>
<test id="s1-t2" name="Register Success" line="14">
<kw name="Input Text" owner="SeleniumLibrary">
<msg time="2025-12-24T16:53:16.615120" level="INFO">Typing text 'Somyod' into text field 'name=firstname'.</msg>
<arg>name=firstname</arg>
<arg>Somyod</arg>
<doc>Types the given ``text`` into the text field identified by ``locator``.</doc>
<status status="PASS" start="2025-12-24T16:53:16.614098" elapsed="0.115887"/>
</kw>
<kw name="Input Text" owner="SeleniumLibrary">
<msg time="2025-12-24T16:53:16.730992" level="INFO">Typing text 'Sodsai' into text field 'name=lastname'.</msg>
<arg>name=lastname</arg>
<arg>Sodsai</arg>
<doc>Types the given ``text`` into the text field identified by ``locator``.</doc>
<status status="PASS" start="2025-12-24T16:53:16.730992" elapsed="0.086393"/>
</kw>
<kw name="Input Text" owner="SeleniumLibrary">
<msg time="2025-12-24T16:53:16.818387" level="INFO">Typing text 'CS KKU' into text field 'name=organization'.</msg>
<arg>name=organization</arg>
<arg>CS KKU</arg>
<doc>Types the given ``text`` into the text field identified by ``locator``.</doc>
<status status="PASS" start="2025-12-24T16:53:16.817385" elapsed="0.086000"/>
</kw>
<kw name="Input Text" owner="SeleniumLibrary">
<msg time="2025-12-24T16:53:16.904384" level="INFO">Typing text 'somyod@kkumail.com' into text field 'name=email'.</msg>
<arg>name=email</arg>
<arg>somyod@kkumail.com</arg>
<doc>Types the given ``text`` into the text field identified by ``locator``.</doc>
<status status="PASS" start="2025-12-24T16:53:16.904384" elapsed="0.094000"/>
</kw>
<kw name="Input Text" owner="SeleniumLibrary">
<msg time="2025-12-24T16:53:16.998384" level="INFO">Typing text '091-001-1234' into text field 'name=phone'.</msg>
<arg>name=phone</arg>
<arg>091-001-1234</arg>
<doc>Types the given ``text`` into the text field identified by ``locator``.</doc>
<status status="PASS" start="2025-12-24T16:53:16.998384" elapsed="0.084000"/>
</kw>
<kw name="Click Button" owner="SeleniumLibrary">
<msg time="2025-12-24T16:53:17.083385" level="INFO">Clicking button 'Register'.</msg>
<arg>Register</arg>
<doc>Clicks the button identified by ``locator``.</doc>
<status status="PASS" start="2025-12-24T16:53:17.082384" elapsed="0.119001"/>
</kw>
<kw name="Title Should Be" owner="SeleniumLibrary">
<msg time="2025-12-24T16:53:17.207385" level="INFO">Page title is 'Success'.</msg>
<arg>Success</arg>
<doc>Verifies that the current page title equals ``title``.</doc>
<status status="PASS" start="2025-12-24T16:53:17.202386" elapsed="0.004999"/>
</kw>
<kw name="Page Should Contain" owner="SeleniumLibrary">
<msg time="2025-12-24T16:53:17.223415" level="INFO">Current page contains text 'Thank you for registering with us.'.</msg>
<arg>Thank you for registering with us.</arg>
<doc>Verifies that current page contains ``text``.</doc>
<status status="PASS" start="2025-12-24T16:53:17.207385" elapsed="0.016030"/>
</kw>
<kw name="Page Should Contain" owner="SeleniumLibrary">
<msg time="2025-12-24T16:53:17.239415" level="INFO">Current page contains text 'We will send a confirmation to your email soon.'.</msg>
<arg>We will send a confirmation to your email soon.</arg>
<doc>Verifies that current page contains ``text``.</doc>
<status status="PASS" start="2025-12-24T16:53:17.223415" elapsed="0.016000"/>
</kw>
<kw name="Sleep" owner="BuiltIn">
<msg time="2025-12-24T16:53:19.240867" level="INFO">Slept 2 seconds.</msg>
<arg>2s</arg>
<doc>Pauses the test executed for the given time.</doc>
<status status="PASS" start="2025-12-24T16:53:17.239415" elapsed="2.001452"/>
</kw>
<kw name="Close Browser" owner="SeleniumLibrary">
<doc>Closes the current browser.</doc>
<status status="PASS" start="2025-12-24T16:53:19.241923" elapsed="2.146405"/>
</kw>
<status status="PASS" start="2025-12-24T16:53:16.614098" elapsed="4.775160"/>
</test>
<status status="FAIL" start="2025-12-24T16:53:13.798171" elapsed="7.594150"/>
</suite>
<statistics>
<total>
<stat pass="1" fail="1" skip="0">All Tests</stat>
</total>
<tag>
</tag>
<suite>
<stat name="Test" id="s1" pass="1" fail="1" skip="0">Test</stat>
</suite>
</statistics>
<errors>
</errors>
</robot>
